{"/Users/kirian.senaux/Documents/PERSO/YNOV/ecommerce-api/src/app.js": {"path":"/Users/kirian.senaux/Documents/PERSO/YNOV/ecommerce-api/src/app.js","statementMap":{"0":{"start":{"line":1,"column":16},"end":{"line":1,"column":34}},"1":{"start":{"line":3,"column":23},"end":{"line":3,"column":51}},"2":{"start":{"line":4,"column":22},"end":{"line":4,"column":48}},"3":{"start":{"line":5,"column":22},"end":{"line":5,"column":47}},"4":{"start":{"line":7,"column":12},"end":{"line":7,"column":21}},"5":{"start":{"line":9,"column":0},"end":{"line":9,"column":24}},"6":{"start":{"line":11,"column":0},"end":{"line":13,"column":3}},"7":{"start":{"line":12,"column":2},"end":{"line":12,"column":66}},"8":{"start":{"line":15,"column":0},"end":{"line":15,"column":41}},"9":{"start":{"line":16,"column":0},"end":{"line":16,"column":39}},"10":{"start":{"line":17,"column":0},"end":{"line":17,"column":38}},"11":{"start":{"line":19,"column":0},"end":{"line":21,"column":3}},"12":{"start":{"line":20,"column":2},"end":{"line":20,"column":53}},"13":{"start":{"line":23,"column":0},"end":{"line":23,"column":21}}},"fnMap":{"0":{"name":"(anonymous_0)","decl":{"start":{"line":11,"column":19},"end":{"line":11,"column":20}},"loc":{"start":{"line":11,"column":33},"end":{"line":13,"column":1}},"line":11},"1":{"name":"(anonymous_1)","decl":{"start":{"line":19,"column":8},"end":{"line":19,"column":9}},"loc":{"start":{"line":19,"column":22},"end":{"line":21,"column":1}},"line":19}},"branchMap":{},"s":{"0":6,"1":6,"2":6,"3":6,"4":6,"5":6,"6":6,"7":0,"8":6,"9":6,"10":6,"11":6,"12":0,"13":6},"f":{"0":0,"1":0},"b":{},"_coverageSchema":"1a1c01bbd47fc00a2c39e90264f33305004495a9","hash":"6521384f55cfeffa49741ac903503062c04cce5f"}
,"/Users/kirian.senaux/Documents/PERSO/YNOV/ecommerce-api/src/db/index.js": {"path":"/Users/kirian.senaux/Documents/PERSO/YNOV/ecommerce-api/src/db/index.js","statementMap":{"0":{"start":{"line":1,"column":17},"end":{"line":1,"column":42}},"1":{"start":{"line":2,"column":13},"end":{"line":2,"column":28}},"2":{"start":{"line":4,"column":15},"end":{"line":6,"column":40}},"3":{"start":{"line":8,"column":11},"end":{"line":8,"column":31}},"4":{"start":{"line":10,"column":15},"end":{"line":42,"column":1}},"5":{"start":{"line":44,"column":0},"end":{"line":44,"column":16}},"6":{"start":{"line":46,"column":0},"end":{"line":46,"column":20}},"7":{"start":{"line":47,"column":0},"end":{"line":47,"column":31}}},"fnMap":{},"branchMap":{"0":{"loc":{"start":{"line":4,"column":15},"end":{"line":6,"column":40}},"type":"cond-expr","locations":[{"start":{"line":5,"column":4},"end":{"line":5,"column":14}},{"start":{"line":6,"column":4},"end":{"line":6,"column":40}}],"line":4}},"s":{"0":3,"1":3,"2":3,"3":3,"4":3,"5":3,"6":3,"7":3},"f":{},"b":{"0":[3,0]},"_coverageSchema":"1a1c01bbd47fc00a2c39e90264f33305004495a9","hash":"fefacabf684d9abb342846792cf17f35b7353d0d"}
,"/Users/kirian.senaux/Documents/PERSO/YNOV/ecommerce-api/src/routes/orders.js": {"path":"/Users/kirian.senaux/Documents/PERSO/YNOV/ecommerce-api/src/routes/orders.js","statementMap":{"0":{"start":{"line":1,"column":16},"end":{"line":1,"column":34}},"1":{"start":{"line":2,"column":15},"end":{"line":2,"column":31}},"2":{"start":{"line":3,"column":11},"end":{"line":3,"column":27}},"3":{"start":{"line":6,"column":16},"end":{"line":6,"column":71}},"4":{"start":{"line":7,"column":2},"end":{"line":7,"column":26}},"5":{"start":{"line":7,"column":14},"end":{"line":7,"column":26}},"6":{"start":{"line":8,"column":16},"end":{"line":8,"column":89}},"7":{"start":{"line":9,"column":2},"end":{"line":9,"column":63}},"8":{"start":{"line":9,"column":48},"end":{"line":9,"column":59}},"9":{"start":{"line":13,"column":0},"end":{"line":20,"column":3}},"10":{"start":{"line":14,"column":17},"end":{"line":14,"column":57}},"11":{"start":{"line":15,"column":17},"end":{"line":18,"column":4}},"12":{"start":{"line":16,"column":18},"end":{"line":16,"column":93}},"13":{"start":{"line":17,"column":4},"end":{"line":17,"column":61}},"14":{"start":{"line":17,"column":46},"end":{"line":17,"column":57}},"15":{"start":{"line":19,"column":2},"end":{"line":19,"column":19}},"16":{"start":{"line":23,"column":0},"end":{"line":30,"column":3}},"17":{"start":{"line":24,"column":13},"end":{"line":24,"column":36}},"18":{"start":{"line":25,"column":16},"end":{"line":25,"column":37}},"19":{"start":{"line":26,"column":2},"end":{"line":28,"column":3}},"20":{"start":{"line":27,"column":4},"end":{"line":27,"column":62}},"21":{"start":{"line":29,"column":2},"end":{"line":29,"column":18}},"22":{"start":{"line":33,"column":0},"end":{"line":58,"column":3}},"23":{"start":{"line":34,"column":33},"end":{"line":34,"column":41}},"24":{"start":{"line":35,"column":2},"end":{"line":37,"column":3}},"25":{"start":{"line":36,"column":4},"end":{"line":36,"column":83}},"26":{"start":{"line":39,"column":16},"end":{"line":42,"column":7}},"27":{"start":{"line":40,"column":20},"end":{"line":40,"column":82}},"28":{"start":{"line":41,"column":4},"end":{"line":41,"column":47}},"29":{"start":{"line":44,"column":20},"end":{"line":44,"column":58}},"30":{"start":{"line":46,"column":17},"end":{"line":54,"column":4}},"31":{"start":{"line":47,"column":19},"end":{"line":49,"column":46}},"32":{"start":{"line":50,"column":20},"end":{"line":50,"column":42}},"33":{"start":{"line":51,"column":23},"end":{"line":51,"column":95}},"34":{"start":{"line":52,"column":4},"end":{"line":52,"column":63}},"35":{"start":{"line":52,"column":34},"end":{"line":52,"column":63}},"36":{"start":{"line":53,"column":4},"end":{"line":53,"column":19}},"37":{"start":{"line":56,"column":18},"end":{"line":56,"column":26}},"38":{"start":{"line":57,"column":2},"end":{"line":57,"column":51}},"39":{"start":{"line":61,"column":0},"end":{"line":74,"column":3}},"40":{"start":{"line":62,"column":13},"end":{"line":62,"column":36}},"41":{"start":{"line":63,"column":16},"end":{"line":63,"column":71}},"42":{"start":{"line":64,"column":2},"end":{"line":66,"column":3}},"43":{"start":{"line":65,"column":4},"end":{"line":65,"column":62}},"44":{"start":{"line":67,"column":21},"end":{"line":67,"column":29}},"45":{"start":{"line":68,"column":24},"end":{"line":68,"column":72}},"46":{"start":{"line":69,"column":2},"end":{"line":71,"column":3}},"47":{"start":{"line":70,"column":4},"end":{"line":70,"column":97}},"48":{"start":{"line":72,"column":2},"end":{"line":72,"column":74}},"49":{"start":{"line":73,"column":2},"end":{"line":73,"column":34}},"50":{"start":{"line":76,"column":0},"end":{"line":76,"column":24}}},"fnMap":{"0":{"name":"getOrderWithItems","decl":{"start":{"line":5,"column":9},"end":{"line":5,"column":26}},"loc":{"start":{"line":5,"column":31},"end":{"line":10,"column":1}},"line":5},"1":{"name":"(anonymous_1)","decl":{"start":{"line":9,"column":43},"end":{"line":9,"column":44}},"loc":{"start":{"line":9,"column":48},"end":{"line":9,"column":59}},"line":9},"2":{"name":"(anonymous_2)","decl":{"start":{"line":13,"column":16},"end":{"line":13,"column":17}},"loc":{"start":{"line":13,"column":30},"end":{"line":20,"column":1}},"line":13},"3":{"name":"(anonymous_3)","decl":{"start":{"line":15,"column":28},"end":{"line":15,"column":29}},"loc":{"start":{"line":15,"column":33},"end":{"line":18,"column":3}},"line":15},"4":{"name":"(anonymous_4)","decl":{"start":{"line":17,"column":41},"end":{"line":17,"column":42}},"loc":{"start":{"line":17,"column":46},"end":{"line":17,"column":57}},"line":17},"5":{"name":"(anonymous_5)","decl":{"start":{"line":23,"column":19},"end":{"line":23,"column":20}},"loc":{"start":{"line":23,"column":33},"end":{"line":30,"column":1}},"line":23},"6":{"name":"(anonymous_6)","decl":{"start":{"line":33,"column":17},"end":{"line":33,"column":18}},"loc":{"start":{"line":33,"column":31},"end":{"line":58,"column":1}},"line":33},"7":{"name":"(anonymous_7)","decl":{"start":{"line":39,"column":34},"end":{"line":39,"column":35}},"loc":{"start":{"line":39,"column":48},"end":{"line":42,"column":3}},"line":39},"8":{"name":"(anonymous_8)","decl":{"start":{"line":46,"column":32},"end":{"line":46,"column":33}},"loc":{"start":{"line":46,"column":38},"end":{"line":54,"column":3}},"line":46},"9":{"name":"(anonymous_9)","decl":{"start":{"line":61,"column":28},"end":{"line":61,"column":29}},"loc":{"start":{"line":61,"column":42},"end":{"line":74,"column":1}},"line":61}},"branchMap":{"0":{"loc":{"start":{"line":7,"column":2},"end":{"line":7,"column":26}},"type":"if","locations":[{"start":{"line":7,"column":2},"end":{"line":7,"column":26}},{"start":{},"end":{}}],"line":7},"1":{"loc":{"start":{"line":26,"column":2},"end":{"line":28,"column":3}},"type":"if","locations":[{"start":{"line":26,"column":2},"end":{"line":28,"column":3}},{"start":{},"end":{}}],"line":26},"2":{"loc":{"start":{"line":35,"column":2},"end":{"line":37,"column":3}},"type":"if","locations":[{"start":{"line":35,"column":2},"end":{"line":37,"column":3}},{"start":{},"end":{}}],"line":35},"3":{"loc":{"start":{"line":35,"column":6},"end":{"line":35,"column":58}},"type":"binary-expr","locations":[{"start":{"line":35,"column":6},"end":{"line":35,"column":13}},{"start":{"line":35,"column":17},"end":{"line":35,"column":28}},{"start":{"line":35,"column":32},"end":{"line":35,"column":58}}],"line":35},"4":{"loc":{"start":{"line":41,"column":18},"end":{"line":41,"column":45}},"type":"cond-expr","locations":[{"start":{"line":41,"column":28},"end":{"line":41,"column":41}},{"start":{"line":41,"column":44},"end":{"line":41,"column":45}}],"line":41},"5":{"loc":{"start":{"line":64,"column":2},"end":{"line":66,"column":3}},"type":"if","locations":[{"start":{"line":64,"column":2},"end":{"line":66,"column":3}},{"start":{},"end":{}}],"line":64},"6":{"loc":{"start":{"line":69,"column":2},"end":{"line":71,"column":3}},"type":"if","locations":[{"start":{"line":69,"column":2},"end":{"line":71,"column":3}},{"start":{},"end":{}}],"line":69}},"s":{"0":6,"1":6,"2":6,"3":25,"4":25,"5":2,"6":23,"7":23,"8":22,"9":6,"10":4,"11":4,"12":2,"13":2,"14":4,"15":4,"16":6,"17":4,"18":4,"19":4,"20":2,"21":2,"22":6,"23":17,"24":17,"25":6,"26":11,"27":15,"28":15,"29":11,"30":11,"31":11,"32":11,"33":11,"34":11,"35":15,"36":11,"37":11,"38":11,"39":6,"40":14,"41":14,"42":14,"43":2,"44":12,"45":12,"46":12,"47":2,"48":10,"49":10,"50":6},"f":{"0":25,"1":22,"2":4,"3":2,"4":4,"5":4,"6":17,"7":15,"8":11,"9":14},"b":{"0":[2,23],"1":[2,2],"2":[6,11],"3":[17,15,13],"4":[15,0],"5":[2,12],"6":[2,10]},"_coverageSchema":"1a1c01bbd47fc00a2c39e90264f33305004495a9","hash":"2bb5a94797296317a1030939d34588e4796de57b"}
,"/Users/kirian.senaux/Documents/PERSO/YNOV/ecommerce-api/src/routes/products.js": {"path":"/Users/kirian.senaux/Documents/PERSO/YNOV/ecommerce-api/src/routes/products.js","statementMap":{"0":{"start":{"line":1,"column":16},"end":{"line":1,"column":34}},"1":{"start":{"line":2,"column":15},"end":{"line":2,"column":31}},"2":{"start":{"line":3,"column":11},"end":{"line":3,"column":27}},"3":{"start":{"line":4,"column":21},"end":{"line":4,"column":51}},"4":{"start":{"line":6,"column":28},"end":{"line":6,"column":70}},"5":{"start":{"line":9,"column":0},"end":{"line":15,"column":3}},"6":{"start":{"line":10,"column":23},"end":{"line":10,"column":32}},"7":{"start":{"line":11,"column":15},"end":{"line":13,"column":48}},"8":{"start":{"line":14,"column":2},"end":{"line":14,"column":60}},"9":{"start":{"line":18,"column":0},"end":{"line":28,"column":3}},"10":{"start":{"line":19,"column":13},"end":{"line":19,"column":36}},"11":{"start":{"line":20,"column":2},"end":{"line":22,"column":3}},"12":{"start":{"line":21,"column":4},"end":{"line":21,"column":74}},"13":{"start":{"line":23,"column":18},"end":{"line":23,"column":75}},"14":{"start":{"line":24,"column":2},"end":{"line":26,"column":3}},"15":{"start":{"line":25,"column":4},"end":{"line":25,"column":64}},"16":{"start":{"line":27,"column":2},"end":{"line":27,"column":62}},"17":{"start":{"line":31,"column":0},"end":{"line":41,"column":3}},"18":{"start":{"line":32,"column":43},"end":{"line":32,"column":51}},"19":{"start":{"line":33,"column":2},"end":{"line":35,"column":3}},"20":{"start":{"line":34,"column":4},"end":{"line":34,"column":74}},"21":{"start":{"line":36,"column":17},"end":{"line":38,"column":52}},"22":{"start":{"line":39,"column":21},"end":{"line":39,"column":98}},"23":{"start":{"line":40,"column":2},"end":{"line":40,"column":35}},"24":{"start":{"line":43,"column":0},"end":{"line":43,"column":24}}},"fnMap":{"0":{"name":"(anonymous_0)","decl":{"start":{"line":9,"column":16},"end":{"line":9,"column":17}},"loc":{"start":{"line":9,"column":30},"end":{"line":15,"column":1}},"line":9},"1":{"name":"(anonymous_1)","decl":{"start":{"line":18,"column":19},"end":{"line":18,"column":20}},"loc":{"start":{"line":18,"column":33},"end":{"line":28,"column":1}},"line":18},"2":{"name":"(anonymous_2)","decl":{"start":{"line":31,"column":17},"end":{"line":31,"column":18}},"loc":{"start":{"line":31,"column":31},"end":{"line":41,"column":1}},"line":31}},"branchMap":{"0":{"loc":{"start":{"line":11,"column":15},"end":{"line":13,"column":48}},"type":"cond-expr","locations":[{"start":{"line":12,"column":6},"end":{"line":12,"column":75}},{"start":{"line":13,"column":6},"end":{"line":13,"column":48}}],"line":11},"1":{"loc":{"start":{"line":14,"column":11},"end":{"line":14,"column":58}},"type":"cond-expr","locations":[{"start":{"line":14,"column":33},"end":{"line":14,"column":51}},{"start":{"line":14,"column":54},"end":{"line":14,"column":58}}],"line":14},"2":{"loc":{"start":{"line":20,"column":2},"end":{"line":22,"column":3}},"type":"if","locations":[{"start":{"line":20,"column":2},"end":{"line":22,"column":3}},{"start":{},"end":{}}],"line":20},"3":{"loc":{"start":{"line":24,"column":2},"end":{"line":26,"column":3}},"type":"if","locations":[{"start":{"line":24,"column":2},"end":{"line":26,"column":3}},{"start":{},"end":{}}],"line":24},"4":{"loc":{"start":{"line":27,"column":11},"end":{"line":27,"column":60}},"type":"cond-expr","locations":[{"start":{"line":27,"column":33},"end":{"line":27,"column":50}},{"start":{"line":27,"column":53},"end":{"line":27,"column":60}}],"line":27},"5":{"loc":{"start":{"line":33,"column":2},"end":{"line":35,"column":3}},"type":"if","locations":[{"start":{"line":33,"column":2},"end":{"line":35,"column":3}},{"start":{},"end":{}}],"line":33},"6":{"loc":{"start":{"line":33,"column":6},"end":{"line":33,"column":34}},"type":"binary-expr","locations":[{"start":{"line":33,"column":6},"end":{"line":33,"column":11}},{"start":{"line":33,"column":15},"end":{"line":33,"column":34}}],"line":33},"7":{"loc":{"start":{"line":38,"column":21},"end":{"line":38,"column":31}},"type":"binary-expr","locations":[{"start":{"line":38,"column":21},"end":{"line":38,"column":26}},{"start":{"line":38,"column":30},"end":{"line":38,"column":31}}],"line":38},"8":{"loc":{"start":{"line":38,"column":33},"end":{"line":38,"column":51}},"type":"binary-expr","locations":[{"start":{"line":38,"column":33},"end":{"line":38,"column":41}},{"start":{"line":38,"column":45},"end":{"line":38,"column":51}}],"line":38}},"s":{"0":6,"1":6,"2":6,"3":6,"4":6,"5":6,"6":7,"7":7,"8":7,"9":6,"10":6,"11":6,"12":2,"13":4,"14":4,"15":2,"16":2,"17":6,"18":4,"19":4,"20":2,"21":2,"22":2,"23":2,"24":6},"f":{"0":7,"1":6,"2":4},"b":{"0":[3,4],"1":[0,7],"2":[2,4],"3":[2,2],"4":[0,2],"5":[2,2],"6":[4,3],"7":[2,1],"8":[2,1]},"_coverageSchema":"1a1c01bbd47fc00a2c39e90264f33305004495a9","hash":"3e999248c1a7924a2c4d56acdd5c8bc16d8a400e"}
,"/Users/kirian.senaux/Documents/PERSO/YNOV/ecommerce-api/src/routes/users.js": {"path":"/Users/kirian.senaux/Documents/PERSO/YNOV/ecommerce-api/src/routes/users.js","statementMap":{"0":{"start":{"line":1,"column":16},"end":{"line":1,"column":34}},"1":{"start":{"line":2,"column":15},"end":{"line":2,"column":31}},"2":{"start":{"line":3,"column":11},"end":{"line":3,"column":27}},"3":{"start":{"line":6,"column":0},"end":{"line":8,"column":3}},"4":{"start":{"line":7,"column":2},"end":{"line":7,"column":52}},"5":{"start":{"line":11,"column":0},"end":{"line":18,"column":3}},"6":{"start":{"line":12,"column":13},"end":{"line":12,"column":36}},"7":{"start":{"line":13,"column":15},"end":{"line":13,"column":69}},"8":{"start":{"line":14,"column":2},"end":{"line":16,"column":3}},"9":{"start":{"line":15,"column":4},"end":{"line":15,"column":61}},"10":{"start":{"line":17,"column":2},"end":{"line":17,"column":17}},"11":{"start":{"line":21,"column":0},"end":{"line":38,"column":3}},"12":{"start":{"line":22,"column":26},"end":{"line":22,"column":34}},"13":{"start":{"line":23,"column":2},"end":{"line":25,"column":3}},"14":{"start":{"line":24,"column":4},"end":{"line":24,"column":74}},"15":{"start":{"line":26,"column":2},"end":{"line":37,"column":3}},"16":{"start":{"line":27,"column":19},"end":{"line":29,"column":34}},"17":{"start":{"line":30,"column":20},"end":{"line":30,"column":94}},"18":{"start":{"line":31,"column":4},"end":{"line":31,"column":34}},"19":{"start":{"line":33,"column":4},"end":{"line":35,"column":5}},"20":{"start":{"line":34,"column":6},"end":{"line":34,"column":69}},"21":{"start":{"line":36,"column":4},"end":{"line":36,"column":14}},"22":{"start":{"line":40,"column":0},"end":{"line":40,"column":24}}},"fnMap":{"0":{"name":"(anonymous_0)","decl":{"start":{"line":6,"column":16},"end":{"line":6,"column":17}},"loc":{"start":{"line":6,"column":30},"end":{"line":8,"column":1}},"line":6},"1":{"name":"(anonymous_1)","decl":{"start":{"line":11,"column":19},"end":{"line":11,"column":20}},"loc":{"start":{"line":11,"column":33},"end":{"line":18,"column":1}},"line":11},"2":{"name":"(anonymous_2)","decl":{"start":{"line":21,"column":17},"end":{"line":21,"column":18}},"loc":{"start":{"line":21,"column":31},"end":{"line":38,"column":1}},"line":21}},"branchMap":{"0":{"loc":{"start":{"line":14,"column":2},"end":{"line":16,"column":3}},"type":"if","locations":[{"start":{"line":14,"column":2},"end":{"line":16,"column":3}},{"start":{},"end":{}}],"line":14},"1":{"loc":{"start":{"line":23,"column":2},"end":{"line":25,"column":3}},"type":"if","locations":[{"start":{"line":23,"column":2},"end":{"line":25,"column":3}},{"start":{},"end":{}}],"line":23},"2":{"loc":{"start":{"line":23,"column":6},"end":{"line":23,"column":21}},"type":"binary-expr","locations":[{"start":{"line":23,"column":6},"end":{"line":23,"column":11}},{"start":{"line":23,"column":15},"end":{"line":23,"column":21}}],"line":23},"3":{"loc":{"start":{"line":33,"column":4},"end":{"line":35,"column":5}},"type":"if","locations":[{"start":{"line":33,"column":4},"end":{"line":35,"column":5}},{"start":{},"end":{}}],"line":33}},"s":{"0":6,"1":6,"2":6,"3":6,"4":4,"5":6,"6":4,"7":4,"8":4,"9":2,"10":2,"11":6,"12":9,"13":9,"14":4,"15":5,"16":5,"17":3,"18":3,"19":2,"20":2,"21":0,"22":6},"f":{"0":4,"1":4,"2":9},"b":{"0":[2,2],"1":[4,5],"2":[9,7],"3":[2,0]},"_coverageSchema":"1a1c01bbd47fc00a2c39e90264f33305004495a9","hash":"5f0aaa5963274d91e1ac4a9e049adab42be3861d"}
,"/Users/kirian.senaux/Documents/PERSO/YNOV/ecommerce-api/src/utils/formatters.js": {"path":"/Users/kirian.senaux/Documents/PERSO/YNOV/ecommerce-api/src/utils/formatters.js","statementMap":{"0":{"start":{"line":7,"column":2},"end":{"line":11,"column":4}},"1":{"start":{"line":14,"column":0},"end":{"line":14,"column":30}}},"fnMap":{"0":{"name":"formatV2","decl":{"start":{"line":6,"column":9},"end":{"line":6,"column":17}},"loc":{"start":{"line":6,"column":27},"end":{"line":12,"column":1}},"line":6}},"branchMap":{},"s":{"0":8,"1":7},"f":{"0":8},"b":{},"_coverageSchema":"1a1c01bbd47fc00a2c39e90264f33305004495a9","hash":"d73ebf96ae6eabe20707b69abffb66dbf7864102"}
}
