TN:
SF:src/app.js
FN:11,(anonymous_0)
FN:19,(anonymous_1)
FNF:2
FNH:0
FNDA:0,(anonymous_0)
FNDA:0,(anonymous_1)
DA:1,6
DA:3,6
DA:4,6
DA:5,6
DA:7,6
DA:9,6
DA:11,6
DA:12,0
DA:15,6
DA:16,6
DA:17,6
DA:19,6
DA:20,0
DA:23,6
LF:14
LH:12
BRF:0
BRH:0
end_of_record
TN:
SF:src/db/index.js
FNF:0
FNH:0
DA:1,3
DA:2,3
DA:4,3
DA:8,3
DA:10,3
DA:44,3
DA:46,3
DA:47,3
LF:8
LH:8
BRDA:4,0,0,3
BRDA:4,0,1,0
BRF:2
BRH:1
end_of_record
TN:
SF:src/routes/orders.js
FN:5,getOrderWithItems
FN:9,(anonymous_1)
FN:13,(anonymous_2)
FN:15,(anonymous_3)
FN:17,(anonymous_4)
FN:23,(anonymous_5)
FN:33,(anonymous_6)
FN:39,(anonymous_7)
FN:46,(anonymous_8)
FN:61,(anonymous_9)
FNF:10
FNH:10
FNDA:25,getOrderWithItems
FNDA:22,(anonymous_1)
FNDA:4,(anonymous_2)
FNDA:2,(anonymous_3)
FNDA:4,(anonymous_4)
FNDA:4,(anonymous_5)
FNDA:17,(anonymous_6)
FNDA:15,(anonymous_7)
FNDA:11,(anonymous_8)
FNDA:14,(anonymous_9)
DA:1,6
DA:2,6
DA:3,6
DA:6,25
DA:7,25
DA:8,23
DA:9,23
DA:13,6
DA:14,4
DA:15,4
DA:16,2
DA:17,4
DA:19,4
DA:23,6
DA:24,4
DA:25,4
DA:26,4
DA:27,2
DA:29,2
DA:33,6
DA:34,17
DA:35,17
DA:36,6
DA:39,11
DA:40,15
DA:41,15
DA:44,11
DA:46,11
DA:47,11
DA:50,11
DA:51,11
DA:52,15
DA:53,11
DA:56,11
DA:57,11
DA:61,6
DA:62,14
DA:63,14
DA:64,14
DA:65,2
DA:67,12
DA:68,12
DA:69,12
DA:70,2
DA:72,10
DA:73,10
DA:76,6
LF:47
LH:47
BRDA:7,0,0,2
BRDA:7,0,1,23
BRDA:26,1,0,2
BRDA:26,1,1,2
BRDA:35,2,0,6
BRDA:35,2,1,11
BRDA:35,3,0,17
BRDA:35,3,1,15
BRDA:35,3,2,13
BRDA:41,4,0,15
BRDA:41,4,1,0
BRDA:64,5,0,2
BRDA:64,5,1,12
BRDA:69,6,0,2
BRDA:69,6,1,10
BRF:15
BRH:14
end_of_record
TN:
SF:src/routes/products.js
FN:9,(anonymous_0)
FN:18,(anonymous_1)
FN:31,(anonymous_2)
FNF:3
FNH:3
FNDA:7,(anonymous_0)
FNDA:6,(anonymous_1)
FNDA:4,(anonymous_2)
DA:1,6
DA:2,6
DA:3,6
DA:4,6
DA:6,6
DA:9,6
DA:10,7
DA:11,7
DA:14,7
DA:18,6
DA:19,6
DA:20,6
DA:21,2
DA:23,4
DA:24,4
DA:25,2
DA:27,2
DA:31,6
DA:32,4
DA:33,4
DA:34,2
DA:36,2
DA:39,2
DA:40,2
DA:43,6
LF:25
LH:25
BRDA:11,0,0,3
BRDA:11,0,1,4
BRDA:14,1,0,0
BRDA:14,1,1,7
BRDA:20,2,0,2
BRDA:20,2,1,4
BRDA:24,3,0,2
BRDA:24,3,1,2
BRDA:27,4,0,0
BRDA:27,4,1,2
BRDA:33,5,0,2
BRDA:33,5,1,2
BRDA:33,6,0,4
BRDA:33,6,1,3
BRDA:38,7,0,2
BRDA:38,7,1,1
BRDA:38,8,0,2
BRDA:38,8,1,1
BRF:18
BRH:16
end_of_record
TN:
SF:src/routes/users.js
FN:6,(anonymous_0)
FN:11,(anonymous_1)
FN:21,(anonymous_2)
FNF:3
FNH:3
FNDA:4,(anonymous_0)
FNDA:4,(anonymous_1)
FNDA:9,(anonymous_2)
DA:1,6
DA:2,6
DA:3,6
DA:6,6
DA:7,4
DA:11,6
DA:12,4
DA:13,4
DA:14,4
DA:15,2
DA:17,2
DA:21,6
DA:22,9
DA:23,9
DA:24,4
DA:26,5
DA:27,5
DA:30,3
DA:31,3
DA:33,2
DA:34,2
DA:36,0
DA:40,6
LF:23
LH:22
BRDA:14,0,0,2
BRDA:14,0,1,2
BRDA:23,1,0,4
BRDA:23,1,1,5
BRDA:23,2,0,9
BRDA:23,2,1,7
BRDA:33,3,0,2
BRDA:33,3,1,0
BRF:8
BRH:7
end_of_record
TN:
SF:src/utils/formatters.js
FN:6,formatV2
FNF:1
FNH:1
FNDA:8,formatV2
DA:7,8
DA:14,7
LF:2
LH:2
BRF:0
BRH:0
end_of_record
